{"/home/daniel/Escritorio/Computacion/3° Año/2do Cuatrimestre/Ingenieria de Software/Taller/Truco 2do Cuatrimestre/TrucoIng/models/card.js":{"path":"/home/daniel/Escritorio/Computacion/3° Año/2do Cuatrimestre/Ingenieria de Software/Taller/Truco 2do Cuatrimestre/TrucoIng/models/card.js","s":{"1":1,"2":1,"3":109,"4":109,"5":109,"6":1,"7":1,"8":1,"9":108,"10":1,"11":36,"12":7,"13":2,"14":5,"15":0,"16":0,"17":0,"18":5,"19":29,"20":6,"21":23,"22":6,"23":6,"24":0,"25":17,"26":1},"b":{"1":[108,95,87],"2":[7,29],"3":[2,5],"4":[7,2],"5":[0,5],"6":[5,5],"7":[0,0],"8":[6,23],"9":[29,12],"10":[6,17],"11":[23,17],"12":[6,0]},"f":{"1":109,"2":1,"3":108,"4":36},"fnMap":{"1":{"name":"Card","line":33,"loc":{"start":{"line":33,"column":0},"end":{"line":33,"column":27}}},"2":{"name":"(anonymous_2)","line":42,"loc":{"start":{"line":42,"column":22},"end":{"line":42,"column":32}}},"3":{"name":"(anonymous_3)","line":58,"loc":{"start":{"line":58,"column":25},"end":{"line":58,"column":35}}},"4":{"name":"(anonymous_4)","line":63,"loc":{"start":{"line":63,"column":24},"end":{"line":63,"column":38}}}},"statementMap":{"1":{"start":{"line":21,"column":0},"end":{"line":26,"column":2}},"2":{"start":{"line":33,"column":0},"end":{"line":37,"column":1}},"3":{"start":{"line":34,"column":2},"end":{"line":34,"column":23}},"4":{"start":{"line":35,"column":2},"end":{"line":35,"column":19}},"5":{"start":{"line":36,"column":2},"end":{"line":36,"column":39}},"6":{"start":{"line":42,"column":0},"end":{"line":44,"column":2}},"7":{"start":{"line":43,"column":2},"end":{"line":43,"column":40}},"8":{"start":{"line":58,"column":0},"end":{"line":60,"column":2}},"9":{"start":{"line":59,"column":2},"end":{"line":59,"column":69}},"10":{"start":{"line":63,"column":0},"end":{"line":86,"column":2}},"11":{"start":{"line":64,"column":2},"end":{"line":85,"column":3}},"12":{"start":{"line":65,"column":3},"end":{"line":73,"column":44}},"13":{"start":{"line":66,"column":4},"end":{"line":66,"column":14}},"14":{"start":{"line":67,"column":8},"end":{"line":73,"column":44}},"15":{"start":{"line":68,"column":4},"end":{"line":71,"column":29}},"16":{"start":{"line":69,"column":5},"end":{"line":69,"column":29}},"17":{"start":{"line":71,"column":5},"end":{"line":71,"column":29}},"18":{"start":{"line":73,"column":4},"end":{"line":73,"column":44}},"19":{"start":{"line":76,"column":3},"end":{"line":84,"column":46}},"20":{"start":{"line":77,"column":4},"end":{"line":77,"column":13}},"21":{"start":{"line":78,"column":8},"end":{"line":84,"column":46}},"22":{"start":{"line":79,"column":4},"end":{"line":82,"column":24}},"23":{"start":{"line":80,"column":5},"end":{"line":80,"column":24}},"24":{"start":{"line":82,"column":5},"end":{"line":82,"column":24}},"25":{"start":{"line":84,"column":4},"end":{"line":84,"column":46}},"26":{"start":{"line":88,"column":0},"end":{"line":88,"column":27}}},"branchMap":{"1":{"line":59,"type":"binary-expr","locations":[{"start":{"line":59,"column":9},"end":{"line":59,"column":26}},{"start":{"line":59,"column":30},"end":{"line":59,"column":47}},{"start":{"line":59,"column":51},"end":{"line":59,"column":68}}]},"2":{"line":64,"type":"if","locations":[{"start":{"line":64,"column":2},"end":{"line":64,"column":2}},{"start":{"line":64,"column":2},"end":{"line":64,"column":2}}]},"3":{"line":65,"type":"if","locations":[{"start":{"line":65,"column":3},"end":{"line":65,"column":3}},{"start":{"line":65,"column":3},"end":{"line":65,"column":3}}]},"4":{"line":65,"type":"binary-expr","locations":[{"start":{"line":65,"column":6},"end":{"line":65,"column":20}},{"start":{"line":65,"column":24},"end":{"line":65,"column":38}}]},"5":{"line":67,"type":"if","locations":[{"start":{"line":67,"column":8},"end":{"line":67,"column":8}},{"start":{"line":67,"column":8},"end":{"line":67,"column":8}}]},"6":{"line":67,"type":"binary-expr","locations":[{"start":{"line":67,"column":11},"end":{"line":67,"column":25}},{"start":{"line":67,"column":29},"end":{"line":67,"column":43}}]},"7":{"line":68,"type":"if","locations":[{"start":{"line":68,"column":4},"end":{"line":68,"column":4}},{"start":{"line":68,"column":4},"end":{"line":68,"column":4}}]},"8":{"line":76,"type":"if","locations":[{"start":{"line":76,"column":3},"end":{"line":76,"column":3}},{"start":{"line":76,"column":3},"end":{"line":76,"column":3}}]},"9":{"line":76,"type":"binary-expr","locations":[{"start":{"line":76,"column":6},"end":{"line":76,"column":20}},{"start":{"line":76,"column":24},"end":{"line":76,"column":38}}]},"10":{"line":78,"type":"if","locations":[{"start":{"line":78,"column":8},"end":{"line":78,"column":8}},{"start":{"line":78,"column":8},"end":{"line":78,"column":8}}]},"11":{"line":78,"type":"binary-expr","locations":[{"start":{"line":78,"column":11},"end":{"line":78,"column":25}},{"start":{"line":78,"column":29},"end":{"line":78,"column":43}}]},"12":{"line":79,"type":"if","locations":[{"start":{"line":79,"column":4},"end":{"line":79,"column":4}},{"start":{"line":79,"column":4},"end":{"line":79,"column":4}}]}}},"/home/daniel/Escritorio/Computacion/3° Año/2do Cuatrimestre/Ingenieria de Software/Taller/Truco 2do Cuatrimestre/TrucoIng/models/deck.js":{"path":"/home/daniel/Escritorio/Computacion/3° Año/2do Cuatrimestre/Ingenieria de Software/Taller/Truco 2do Cuatrimestre/TrucoIng/models/deck.js","s":{"1":1,"2":1,"3":1,"4":1,"5":1,"6":1,"7":1,"8":2,"9":8,"10":80,"11":1,"12":1,"13":1},"b":{},"f":{"1":2,"2":2,"3":8,"4":80,"5":1},"fnMap":{"1":{"name":"Deck","line":20,"loc":{"start":{"line":20,"column":0},"end":{"line":20,"column":15}}},"2":{"name":"(anonymous_2)","line":26,"loc":{"start":{"line":26,"column":24},"end":{"line":26,"column":34}}},"3":{"name":"(anonymous_3)","line":27,"loc":{"start":{"line":27,"column":33},"end":{"line":27,"column":47}}},"4":{"name":"(anonymous_4)","line":28,"loc":{"start":{"line":28,"column":29},"end":{"line":28,"column":45}}},"5":{"name":"(anonymous_5)","line":37,"loc":{"start":{"line":37,"column":21},"end":{"line":37,"column":31}}}},"statementMap":{"1":{"start":{"line":1,"column":0},"end":{"line":1,"column":26}},"2":{"start":{"line":2,"column":0},"end":{"line":2,"column":34}},"3":{"start":{"line":5,"column":0},"end":{"line":5,"column":26}},"4":{"start":{"line":10,"column":0},"end":{"line":10,"column":47}},"5":{"start":{"line":15,"column":0},"end":{"line":15,"column":52}},"6":{"start":{"line":20,"column":0},"end":{"line":21,"column":1}},"7":{"start":{"line":26,"column":0},"end":{"line":32,"column":2}},"8":{"start":{"line":27,"column":2},"end":{"line":31,"column":5}},"9":{"start":{"line":28,"column":3},"end":{"line":30,"column":5}},"10":{"start":{"line":29,"column":4},"end":{"line":29,"column":34}},"11":{"start":{"line":37,"column":0},"end":{"line":39,"column":2}},"12":{"start":{"line":38,"column":2},"end":{"line":38,"column":34}},"13":{"start":{"line":41,"column":0},"end":{"line":41,"column":27}}},"branchMap":{}},"/home/daniel/Escritorio/Computacion/3° Año/2do Cuatrimestre/Ingenieria de Software/Taller/Truco 2do Cuatrimestre/TrucoIng/models/player.js":{"path":"/home/daniel/Escritorio/Computacion/3° Año/2do Cuatrimestre/Ingenieria de Software/Taller/Truco 2do Cuatrimestre/TrucoIng/models/player.js","s":{"1":1,"2":1,"3":1,"4":12,"5":12,"6":12,"7":12,"8":1,"9":8,"10":8,"11":1,"12":12,"13":1},"b":{},"f":{"1":12,"2":8,"3":12},"fnMap":{"1":{"name":"Player","line":11,"loc":{"start":{"line":11,"column":0},"end":{"line":11,"column":21}}},"2":{"name":"(anonymous_2)","line":19,"loc":{"start":{"line":19,"column":28},"end":{"line":19,"column":43}}},"3":{"name":"(anonymous_3)","line":25,"loc":{"start":{"line":25,"column":26},"end":{"line":25,"column":36}}}},"statementMap":{"1":{"start":{"line":7,"column":0},"end":{"line":7,"column":35}},"2":{"start":{"line":9,"column":0},"end":{"line":9,"column":26}},"3":{"start":{"line":11,"column":0},"end":{"line":16,"column":1}},"4":{"start":{"line":12,"column":1},"end":{"line":12,"column":18}},"5":{"start":{"line":13,"column":1},"end":{"line":13,"column":17}},"6":{"start":{"line":14,"column":1},"end":{"line":14,"column":25}},"7":{"start":{"line":15,"column":1},"end":{"line":15,"column":23}},"8":{"start":{"line":19,"column":0},"end":{"line":22,"column":1}},"9":{"start":{"line":20,"column":1},"end":{"line":20,"column":20}},"10":{"start":{"line":21,"column":1},"end":{"line":21,"column":35}},"11":{"start":{"line":25,"column":0},"end":{"line":27,"column":2}},"12":{"start":{"line":26,"column":2},"end":{"line":26,"column":129}},"13":{"start":{"line":32,"column":0},"end":{"line":32,"column":31}}},"branchMap":{}},"/home/daniel/Escritorio/Computacion/3° Año/2do Cuatrimestre/Ingenieria de Software/Taller/Truco 2do Cuatrimestre/TrucoIng/models/game.js":{"path":"/home/daniel/Escritorio/Computacion/3° Año/2do Cuatrimestre/Ingenieria de Software/Taller/Truco 2do Cuatrimestre/TrucoIng/models/game.js","s":{"1":1,"2":1,"3":1,"4":1,"5":1,"6":1,"7":1,"8":1,"9":1,"10":1,"11":1,"12":1,"13":1,"14":1,"15":1,"16":1,"17":1,"18":1,"19":1,"20":0,"21":0,"22":0,"23":0,"24":0,"25":1,"26":0,"27":0,"28":0,"29":1},"b":{"1":[0,0],"2":[0,0],"3":[0,0]},"f":{"1":1,"2":1,"3":0,"4":0},"fnMap":{"1":{"name":"(anonymous_1)","line":16,"loc":{"start":{"line":16,"column":16},"end":{"line":16,"column":26}}},"2":{"name":"(anonymous_2)","line":40,"loc":{"start":{"line":40,"column":26},"end":{"line":40,"column":36}}},"3":{"name":"(anonymous_3)","line":50,"loc":{"start":{"line":50,"column":23},"end":{"line":50,"column":54}}},"4":{"name":"(anonymous_4)","line":68,"loc":{"start":{"line":68,"column":30},"end":{"line":68,"column":40}}}},"statementMap":{"1":{"start":{"line":2,"column":0},"end":{"line":2,"column":26}},"2":{"start":{"line":3,"column":0},"end":{"line":3,"column":38}},"3":{"start":{"line":4,"column":0},"end":{"line":4,"column":34}},"4":{"start":{"line":5,"column":0},"end":{"line":5,"column":34}},"5":{"start":{"line":6,"column":0},"end":{"line":6,"column":36}},"6":{"start":{"line":8,"column":0},"end":{"line":8,"column":32}},"7":{"start":{"line":9,"column":0},"end":{"line":9,"column":30}},"8":{"start":{"line":12,"column":0},"end":{"line":12,"column":35}},"9":{"start":{"line":13,"column":0},"end":{"line":13,"column":62}},"10":{"start":{"line":15,"column":0},"end":{"line":15,"column":63}},"11":{"start":{"line":16,"column":0},"end":{"line":18,"column":3}},"12":{"start":{"line":17,"column":1},"end":{"line":17,"column":35}},"13":{"start":{"line":23,"column":0},"end":{"line":31,"column":3}},"14":{"start":{"line":38,"column":0},"end":{"line":38,"column":46}},"15":{"start":{"line":40,"column":0},"end":{"line":45,"column":2}},"16":{"start":{"line":41,"column":3},"end":{"line":41,"column":49}},"17":{"start":{"line":42,"column":3},"end":{"line":42,"column":29}},"18":{"start":{"line":44,"column":3},"end":{"line":44,"column":16}},"19":{"start":{"line":50,"column":1},"end":{"line":65,"column":3}},"20":{"start":{"line":55,"column":3},"end":{"line":56,"column":48}},"21":{"start":{"line":56,"column":5},"end":{"line":56,"column":48}},"22":{"start":{"line":60,"column":3},"end":{"line":61,"column":48}},"23":{"start":{"line":61,"column":5},"end":{"line":61,"column":48}},"24":{"start":{"line":64,"column":3},"end":{"line":64,"column":56}},"25":{"start":{"line":68,"column":0},"end":{"line":76,"column":2}},"26":{"start":{"line":72,"column":1},"end":{"line":75,"column":41}},"27":{"start":{"line":73,"column":2},"end":{"line":73,"column":41}},"28":{"start":{"line":75,"column":2},"end":{"line":75,"column":41}},"29":{"start":{"line":81,"column":0},"end":{"line":81,"column":27}}},"branchMap":{"1":{"line":55,"type":"if","locations":[{"start":{"line":55,"column":3},"end":{"line":55,"column":3}},{"start":{"line":55,"column":3},"end":{"line":55,"column":3}}]},"2":{"line":60,"type":"if","locations":[{"start":{"line":60,"column":3},"end":{"line":60,"column":3}},{"start":{"line":60,"column":3},"end":{"line":60,"column":3}}]},"3":{"line":72,"type":"if","locations":[{"start":{"line":72,"column":1},"end":{"line":72,"column":1}},{"start":{"line":72,"column":1},"end":{"line":72,"column":1}}]}}},"/home/daniel/Escritorio/Computacion/3° Año/2do Cuatrimestre/Ingenieria de Software/Taller/Truco 2do Cuatrimestre/TrucoIng/models/round.js":{"path":"/home/daniel/Escritorio/Computacion/3° Año/2do Cuatrimestre/Ingenieria de Software/Taller/Truco 2do Cuatrimestre/TrucoIng/models/round.js","s":{"1":1,"2":1,"3":1,"4":1,"5":1,"6":1,"7":1,"8":1,"9":1,"10":1,"11":1,"12":1,"13":1,"14":1,"15":1,"16":1,"17":1,"18":1,"19":1,"20":1,"21":1,"22":1,"23":1,"24":1,"25":1,"26":1,"27":1,"28":1,"29":1,"30":1,"31":1,"32":1,"33":1,"34":1,"35":1,"36":1,"37":0,"38":0,"39":0,"40":1,"41":1,"42":0,"43":1,"44":1,"45":1,"46":0,"47":0,"48":0,"49":0,"50":0,"51":0,"52":0,"53":0,"54":1,"55":0,"56":0,"57":0,"58":1,"59":0,"60":0,"61":0,"62":0,"63":0,"64":0,"65":0,"66":0,"67":0,"68":1,"69":0,"70":0,"71":0,"72":0,"73":1,"74":0,"75":0,"76":0,"77":0,"78":0,"79":0,"80":1,"81":0,"82":0,"83":0,"84":0,"85":0,"86":0,"87":0,"88":0,"89":0,"90":0,"91":0,"92":0,"93":0,"94":0,"95":0,"96":0,"97":0,"98":0,"99":1,"100":0,"101":0,"102":0,"103":0,"104":0,"105":0,"106":0,"107":0,"108":0,"109":0,"110":0,"111":0,"112":0,"113":0,"114":0,"115":0,"116":0,"117":0,"118":0,"119":0,"120":0,"121":1,"122":0,"123":0,"124":0,"125":0,"126":0,"127":0,"128":0,"129":0,"130":1,"131":0,"132":0,"133":0,"134":0,"135":0,"136":0,"137":0,"138":0,"139":0,"140":0,"141":0,"142":0,"143":0,"144":0,"145":0,"146":0,"147":0,"148":0,"149":0,"150":0,"151":0,"152":0,"153":0,"154":0,"155":0,"156":0,"157":0,"158":0,"159":0,"160":0,"161":0,"162":0,"163":0,"164":1,"165":0,"166":0,"167":0,"168":0,"169":0,"170":0,"171":0,"172":0,"173":0,"174":0,"175":0,"176":0,"177":0,"178":0,"179":0,"180":0,"181":0,"182":0,"183":0,"184":0,"185":0,"186":0,"187":0,"188":0,"189":0,"190":0,"191":0,"192":0,"193":0,"194":0,"195":0,"196":0,"197":0,"198":0,"199":0,"200":0,"201":0,"202":0,"203":0,"204":0,"205":0,"206":0,"207":0,"208":0,"209":0,"210":0,"211":0,"212":0,"213":0,"214":0,"215":0,"216":0,"217":0,"218":1,"219":0,"220":0,"221":0,"222":0,"223":0,"224":0,"225":0,"226":1,"227":0,"228":0,"229":0,"230":0,"231":0,"232":0,"233":0,"234":1,"235":0,"236":0,"237":0,"238":0,"239":0,"240":0,"241":0,"242":1,"243":0,"244":0,"245":0,"246":0,"247":0,"248":0,"249":0,"250":0,"251":0,"252":0,"253":0,"254":0,"255":0,"256":0,"257":0,"258":0,"259":0,"260":0,"261":0,"262":0,"263":0,"264":0,"265":0,"266":0,"267":0,"268":0,"269":1,"270":0,"271":0,"272":0,"273":0,"274":0,"275":0,"276":0,"277":0,"278":0,"279":1},"b":{"1":[1,0],"2":[0,0],"3":[0,1],"4":[0,0],"5":[0,0],"6":[0,0],"7":[0,0],"8":[0,0],"9":[0,0],"10":[0,0],"11":[0,0],"12":[0,0],"13":[0,0],"14":[0,0],"15":[0,0],"16":[0,0,0],"17":[0,0],"18":[0,0],"19":[0,0],"20":[0,0],"21":[0,0,0],"22":[0,0],"23":[0,0],"24":[0,0],"25":[0,0,0],"26":[0,0],"27":[0,0],"28":[0,0],"29":[0,0,0],"30":[0,0],"31":[0,0],"32":[0,0],"33":[0,0],"34":[0,0],"35":[0,0],"36":[0,0,0,0],"37":[0,0],"38":[0,0],"39":[0,0],"40":[0,0],"41":[0,0],"42":[0,0],"43":[0,0],"44":[0,0],"45":[0,0],"46":[0,0],"47":[0,0,0],"48":[0,0],"49":[0,0,0,0],"50":[0,0],"51":[0,0],"52":[0,0],"53":[0,0],"54":[0,0],"55":[0,0],"56":[0,0],"57":[0,0],"58":[0,0,0],"59":[0,0],"60":[0,0,0,0],"61":[0,0],"62":[0,0,0],"63":[0,0],"64":[0,0,0],"65":[0,0],"66":[0,0,0,0],"67":[0,0],"68":[0,0],"69":[0,0],"70":[0,0],"71":[0,0],"72":[0,0],"73":[0,0],"74":[0,0],"75":[0,0],"76":[0,0],"77":[0,0],"78":[0,0],"79":[0,0],"80":[0,0],"81":[0,0],"82":[0,0],"83":[0,0],"84":[0,0],"85":[0,0],"86":[0,0],"87":[0,0],"88":[0,0],"89":[0,0],"90":[0,0],"91":[0,0],"92":[0,0],"93":[0,0],"94":[0,0],"95":[0,0],"96":[0,0,0,0],"97":[0,0],"98":[0,0],"99":[0,0],"100":[0,0],"101":[0,0],"102":[0,0],"103":[0,0],"104":[0,0],"105":[0,0,0,0],"106":[0,0],"107":[0,0,0],"108":[0,0],"109":[0,0],"110":[0,0],"111":[0,0],"112":[0,0],"113":[0,0,0],"114":[0,0],"115":[0,0],"116":[0,0],"117":[0,0],"118":[0,0],"119":[0,0,0],"120":[0,0],"121":[0,0],"122":[0,0],"123":[0,0],"124":[0,0],"125":[0,0],"126":[0,0],"127":[0,0],"128":[0,0]},"f":{"1":1,"2":1,"3":1,"4":0,"5":1,"6":0,"7":0,"8":0,"9":0,"10":0,"11":0,"12":0,"13":0,"14":0,"15":0,"16":0,"17":0,"18":0,"19":0,"20":0},"fnMap":{"1":{"name":"(anonymous_1)","line":16,"loc":{"start":{"line":16,"column":30},"end":{"line":16,"column":52}}},"2":{"name":"Round","line":36,"loc":{"start":{"line":36,"column":0},"end":{"line":36,"column":26}}},"3":{"name":"(anonymous_3)","line":59,"loc":{"start":{"line":59,"column":23},"end":{"line":59,"column":33}}},"4":{"name":"(anonymous_4)","line":71,"loc":{"start":{"line":71,"column":29},"end":{"line":71,"column":39}}},"5":{"name":"(anonymous_5)","line":80,"loc":{"start":{"line":80,"column":31},"end":{"line":80,"column":48}}},"6":{"name":"(anonymous_6)","line":90,"loc":{"start":{"line":90,"column":28},"end":{"line":90,"column":38}}},"7":{"name":"(anonymous_7)","line":109,"loc":{"start":{"line":109,"column":31},"end":{"line":109,"column":54}}},"8":{"name":"(anonymous_8)","line":118,"loc":{"start":{"line":118,"column":29},"end":{"line":118,"column":51}}},"9":{"name":"(anonymous_9)","line":138,"loc":{"start":{"line":138,"column":28},"end":{"line":138,"column":45}}},"10":{"name":"(anonymous_10)","line":146,"loc":{"start":{"line":146,"column":11},"end":{"line":146,"column":32}}},"11":{"name":"(anonymous_11)","line":156,"loc":{"start":{"line":156,"column":34},"end":{"line":156,"column":45}}},"12":{"name":"(anonymous_12)","line":189,"loc":{"start":{"line":189,"column":25},"end":{"line":189,"column":48}}},"13":{"name":"compAr","line":238,"loc":{"start":{"line":238,"column":0},"end":{"line":238,"column":34}}},"14":{"name":"(anonymous_14)","line":255,"loc":{"start":{"line":255,"column":29},"end":{"line":255,"column":51}}},"15":{"name":"(anonymous_15)","line":315,"loc":{"start":{"line":315,"column":34},"end":{"line":315,"column":50}}},"16":{"name":"(anonymous_16)","line":398,"loc":{"start":{"line":398,"column":29},"end":{"line":398,"column":45}}},"17":{"name":"(anonymous_17)","line":408,"loc":{"start":{"line":408,"column":33},"end":{"line":408,"column":49}}},"18":{"name":"(anonymous_18)","line":429,"loc":{"start":{"line":429,"column":34},"end":{"line":429,"column":50}}},"19":{"name":"(anonymous_19)","line":453,"loc":{"start":{"line":453,"column":30},"end":{"line":453,"column":46}}},"20":{"name":"(anonymous_20)","line":494,"loc":{"start":{"line":494,"column":23},"end":{"line":494,"column":55}}}},"statementMap":{"1":{"start":{"line":1,"column":0},"end":{"line":1,"column":26}},"2":{"start":{"line":2,"column":0},"end":{"line":2,"column":35}},"3":{"start":{"line":3,"column":0},"end":{"line":3,"column":37}},"4":{"start":{"line":4,"column":0},"end":{"line":4,"column":37}},"5":{"start":{"line":5,"column":0},"end":{"line":5,"column":37}},"6":{"start":{"line":6,"column":0},"end":{"line":6,"column":41}},"7":{"start":{"line":7,"column":0},"end":{"line":7,"column":26}},"8":{"start":{"line":8,"column":0},"end":{"line":8,"column":26}},"9":{"start":{"line":9,"column":0},"end":{"line":9,"column":26}},"10":{"start":{"line":10,"column":0},"end":{"line":10,"column":32}},"11":{"start":{"line":13,"column":0},"end":{"line":13,"column":88}},"12":{"start":{"line":16,"column":0},"end":{"line":34,"column":1}},"13":{"start":{"line":17,"column":1},"end":{"line":32,"column":4}},"14":{"start":{"line":33,"column":1},"end":{"line":33,"column":12}},"15":{"start":{"line":36,"column":0},"end":{"line":54,"column":1}},"16":{"start":{"line":38,"column":1},"end":{"line":38,"column":47}},"17":{"start":{"line":39,"column":1},"end":{"line":39,"column":47}},"18":{"start":{"line":40,"column":1},"end":{"line":40,"column":27}},"19":{"start":{"line":41,"column":1},"end":{"line":41,"column":29}},"20":{"start":{"line":42,"column":1},"end":{"line":42,"column":27}},"21":{"start":{"line":43,"column":1},"end":{"line":43,"column":31}},"22":{"start":{"line":44,"column":1},"end":{"line":44,"column":25}},"23":{"start":{"line":45,"column":1},"end":{"line":45,"column":24}},"24":{"start":{"line":46,"column":1},"end":{"line":46,"column":34}},"25":{"start":{"line":47,"column":1},"end":{"line":47,"column":21}},"26":{"start":{"line":48,"column":1},"end":{"line":48,"column":21}},"27":{"start":{"line":49,"column":1},"end":{"line":49,"column":20}},"28":{"start":{"line":50,"column":1},"end":{"line":50,"column":26}},"29":{"start":{"line":51,"column":1},"end":{"line":51,"column":13}},"30":{"start":{"line":52,"column":1},"end":{"line":52,"column":45}},"31":{"start":{"line":53,"column":1},"end":{"line":53,"column":19}},"32":{"start":{"line":59,"column":0},"end":{"line":63,"column":2}},"33":{"start":{"line":60,"column":1},"end":{"line":60,"column":29}},"34":{"start":{"line":61,"column":1},"end":{"line":61,"column":48}},"35":{"start":{"line":62,"column":1},"end":{"line":62,"column":48}},"36":{"start":{"line":71,"column":0},"end":{"line":77,"column":1}},"37":{"start":{"line":73,"column":1},"end":{"line":76,"column":34}},"38":{"start":{"line":74,"column":2},"end":{"line":74,"column":34}},"39":{"start":{"line":76,"column":2},"end":{"line":76,"column":34}},"40":{"start":{"line":80,"column":0},"end":{"line":88,"column":2}},"41":{"start":{"line":81,"column":2},"end":{"line":86,"column":3}},"42":{"start":{"line":82,"column":3},"end":{"line":82,"column":25}},"43":{"start":{"line":85,"column":3},"end":{"line":85,"column":25}},"44":{"start":{"line":87,"column":2},"end":{"line":87,"column":16}},"45":{"start":{"line":90,"column":0},"end":{"line":106,"column":1}},"46":{"start":{"line":92,"column":1},"end":{"line":94,"column":2}},"47":{"start":{"line":93,"column":2},"end":{"line":93,"column":27}},"48":{"start":{"line":96,"column":1},"end":{"line":98,"column":2}},"49":{"start":{"line":97,"column":2},"end":{"line":97,"column":27}},"50":{"start":{"line":100,"column":1},"end":{"line":105,"column":2}},"51":{"start":{"line":101,"column":2},"end":{"line":104,"column":28}},"52":{"start":{"line":102,"column":3},"end":{"line":102,"column":28}},"53":{"start":{"line":104,"column":3},"end":{"line":104,"column":28}},"54":{"start":{"line":109,"column":0},"end":{"line":115,"column":1}},"55":{"start":{"line":110,"column":1},"end":{"line":113,"column":40}},"56":{"start":{"line":111,"column":3},"end":{"line":111,"column":41}},"57":{"start":{"line":113,"column":2},"end":{"line":113,"column":40}},"58":{"start":{"line":118,"column":0},"end":{"line":135,"column":1}},"59":{"start":{"line":123,"column":1},"end":{"line":126,"column":2}},"60":{"start":{"line":124,"column":2},"end":{"line":124,"column":48}},"61":{"start":{"line":125,"column":2},"end":{"line":125,"column":16}},"62":{"start":{"line":127,"column":1},"end":{"line":130,"column":2}},"63":{"start":{"line":128,"column":2},"end":{"line":128,"column":48}},"64":{"start":{"line":129,"column":2},"end":{"line":129,"column":16}},"65":{"start":{"line":131,"column":1},"end":{"line":134,"column":2}},"66":{"start":{"line":132,"column":2},"end":{"line":132,"column":48}},"67":{"start":{"line":133,"column":2},"end":{"line":133,"column":16}},"68":{"start":{"line":138,"column":0},"end":{"line":144,"column":1}},"69":{"start":{"line":139,"column":1},"end":{"line":139,"column":13}},"70":{"start":{"line":140,"column":1},"end":{"line":142,"column":2}},"71":{"start":{"line":141,"column":2},"end":{"line":141,"column":13}},"72":{"start":{"line":143,"column":1},"end":{"line":143,"column":12}},"73":{"start":{"line":146,"column":0},"end":{"line":153,"column":2}},"74":{"start":{"line":147,"column":2},"end":{"line":152,"column":14}},"75":{"start":{"line":148,"column":4},"end":{"line":148,"column":13}},"76":{"start":{"line":149,"column":7},"end":{"line":152,"column":14}},"77":{"start":{"line":150,"column":4},"end":{"line":150,"column":13}},"78":{"start":{"line":151,"column":7},"end":{"line":152,"column":14}},"79":{"start":{"line":152,"column":4},"end":{"line":152,"column":14}},"80":{"start":{"line":156,"column":0},"end":{"line":186,"column":1}},"81":{"start":{"line":158,"column":1},"end":{"line":165,"column":37}},"82":{"start":{"line":159,"column":2},"end":{"line":165,"column":37}},"83":{"start":{"line":160,"column":3},"end":{"line":160,"column":36}},"84":{"start":{"line":162,"column":3},"end":{"line":165,"column":37}},"85":{"start":{"line":163,"column":4},"end":{"line":163,"column":37}},"86":{"start":{"line":165,"column":4},"end":{"line":165,"column":37}},"87":{"start":{"line":168,"column":1},"end":{"line":175,"column":37}},"88":{"start":{"line":169,"column":2},"end":{"line":175,"column":37}},"89":{"start":{"line":170,"column":3},"end":{"line":170,"column":36}},"90":{"start":{"line":172,"column":3},"end":{"line":175,"column":37}},"91":{"start":{"line":173,"column":4},"end":{"line":173,"column":37}},"92":{"start":{"line":175,"column":4},"end":{"line":175,"column":37}},"93":{"start":{"line":178,"column":1},"end":{"line":185,"column":37}},"94":{"start":{"line":179,"column":2},"end":{"line":185,"column":37}},"95":{"start":{"line":180,"column":3},"end":{"line":180,"column":36}},"96":{"start":{"line":182,"column":3},"end":{"line":185,"column":37}},"97":{"start":{"line":183,"column":4},"end":{"line":183,"column":37}},"98":{"start":{"line":185,"column":4},"end":{"line":185,"column":37}},"99":{"start":{"line":189,"column":0},"end":{"line":235,"column":1}},"100":{"start":{"line":191,"column":1},"end":{"line":234,"column":2}},"101":{"start":{"line":193,"column":2},"end":{"line":233,"column":4}},"102":{"start":{"line":198,"column":3},"end":{"line":211,"column":3}},"103":{"start":{"line":200,"column":4},"end":{"line":200,"column":42}},"104":{"start":{"line":201,"column":4},"end":{"line":201,"column":40}},"105":{"start":{"line":202,"column":4},"end":{"line":202,"column":24}},"106":{"start":{"line":206,"column":4},"end":{"line":206,"column":42}},"107":{"start":{"line":207,"column":4},"end":{"line":207,"column":40}},"108":{"start":{"line":208,"column":4},"end":{"line":208,"column":24}},"109":{"start":{"line":211,"column":8},"end":{"line":233,"column":4}},"110":{"start":{"line":213,"column":3},"end":{"line":233,"column":4}},"111":{"start":{"line":215,"column":4},"end":{"line":223,"column":77}},"112":{"start":{"line":219,"column":5},"end":{"line":219,"column":43}},"113":{"start":{"line":220,"column":5},"end":{"line":220,"column":41}},"114":{"start":{"line":223,"column":5},"end":{"line":223,"column":77}},"115":{"start":{"line":224,"column":4},"end":{"line":224,"column":24}},"116":{"start":{"line":227,"column":4},"end":{"line":231,"column":77}},"117":{"start":{"line":228,"column":5},"end":{"line":228,"column":43}},"118":{"start":{"line":229,"column":5},"end":{"line":229,"column":41}},"119":{"start":{"line":231,"column":5},"end":{"line":231,"column":77}},"120":{"start":{"line":232,"column":4},"end":{"line":232,"column":24}},"121":{"start":{"line":238,"column":0},"end":{"line":252,"column":1}},"122":{"start":{"line":239,"column":1},"end":{"line":239,"column":17}},"123":{"start":{"line":240,"column":1},"end":{"line":245,"column":2}},"124":{"start":{"line":241,"column":2},"end":{"line":244,"column":3}},"125":{"start":{"line":243,"column":3},"end":{"line":243,"column":14}},"126":{"start":{"line":246,"column":1},"end":{"line":250,"column":2}},"127":{"start":{"line":247,"column":2},"end":{"line":249,"column":3}},"128":{"start":{"line":248,"column":3},"end":{"line":248,"column":14}},"129":{"start":{"line":251,"column":1},"end":{"line":251,"column":12}},"130":{"start":{"line":255,"column":0},"end":{"line":313,"column":1}},"131":{"start":{"line":256,"column":1},"end":{"line":256,"column":17}},"132":{"start":{"line":259,"column":1},"end":{"line":265,"column":2}},"133":{"start":{"line":260,"column":3},"end":{"line":260,"column":14}},"134":{"start":{"line":261,"column":2},"end":{"line":264,"column":37}},"135":{"start":{"line":262,"column":3},"end":{"line":262,"column":37}},"136":{"start":{"line":264,"column":3},"end":{"line":264,"column":37}},"137":{"start":{"line":267,"column":1},"end":{"line":268,"column":13}},"138":{"start":{"line":268,"column":2},"end":{"line":268,"column":13}},"139":{"start":{"line":272,"column":1},"end":{"line":278,"column":2}},"140":{"start":{"line":273,"column":3},"end":{"line":273,"column":14}},"141":{"start":{"line":274,"column":2},"end":{"line":277,"column":40}},"142":{"start":{"line":275,"column":3},"end":{"line":275,"column":40}},"143":{"start":{"line":277,"column":3},"end":{"line":277,"column":40}},"144":{"start":{"line":280,"column":1},"end":{"line":283,"column":2}},"145":{"start":{"line":281,"column":2},"end":{"line":281,"column":13}},"146":{"start":{"line":282,"column":2},"end":{"line":282,"column":36}},"147":{"start":{"line":285,"column":1},"end":{"line":288,"column":2}},"148":{"start":{"line":286,"column":2},"end":{"line":286,"column":13}},"149":{"start":{"line":287,"column":2},"end":{"line":287,"column":36}},"150":{"start":{"line":290,"column":1},"end":{"line":293,"column":2}},"151":{"start":{"line":291,"column":2},"end":{"line":291,"column":13}},"152":{"start":{"line":292,"column":2},"end":{"line":292,"column":36}},"153":{"start":{"line":295,"column":1},"end":{"line":298,"column":2}},"154":{"start":{"line":296,"column":2},"end":{"line":296,"column":13}},"155":{"start":{"line":297,"column":2},"end":{"line":297,"column":36}},"156":{"start":{"line":300,"column":1},"end":{"line":303,"column":2}},"157":{"start":{"line":301,"column":2},"end":{"line":301,"column":13}},"158":{"start":{"line":302,"column":2},"end":{"line":302,"column":36}},"159":{"start":{"line":305,"column":1},"end":{"line":309,"column":2}},"160":{"start":{"line":306,"column":2},"end":{"line":306,"column":13}},"161":{"start":{"line":307,"column":2},"end":{"line":307,"column":36}},"162":{"start":{"line":310,"column":1},"end":{"line":310,"column":18}},"163":{"start":{"line":312,"column":1},"end":{"line":312,"column":12}},"164":{"start":{"line":315,"column":0},"end":{"line":397,"column":1}},"165":{"start":{"line":316,"column":1},"end":{"line":395,"column":2}},"166":{"start":{"line":318,"column":2},"end":{"line":325,"column":3}},"167":{"start":{"line":320,"column":3},"end":{"line":321,"column":21}},"168":{"start":{"line":321,"column":4},"end":{"line":321,"column":21}},"169":{"start":{"line":323,"column":3},"end":{"line":324,"column":22}},"170":{"start":{"line":324,"column":4},"end":{"line":324,"column":22}},"171":{"start":{"line":327,"column":2},"end":{"line":333,"column":3}},"172":{"start":{"line":328,"column":3},"end":{"line":329,"column":22}},"173":{"start":{"line":329,"column":4},"end":{"line":329,"column":22}},"174":{"start":{"line":331,"column":3},"end":{"line":332,"column":22}},"175":{"start":{"line":332,"column":4},"end":{"line":332,"column":22}},"176":{"start":{"line":335,"column":2},"end":{"line":352,"column":5}},"177":{"start":{"line":336,"column":3},"end":{"line":352,"column":5}},"178":{"start":{"line":337,"column":4},"end":{"line":338,"column":23}},"179":{"start":{"line":338,"column":5},"end":{"line":338,"column":23}},"180":{"start":{"line":339,"column":4},"end":{"line":340,"column":23}},"181":{"start":{"line":340,"column":5},"end":{"line":340,"column":23}},"182":{"start":{"line":342,"column":4},"end":{"line":352,"column":5}},"183":{"start":{"line":343,"column":5},"end":{"line":344,"column":24}},"184":{"start":{"line":344,"column":6},"end":{"line":344,"column":24}},"185":{"start":{"line":345,"column":5},"end":{"line":346,"column":24}},"186":{"start":{"line":346,"column":6},"end":{"line":346,"column":24}},"187":{"start":{"line":348,"column":5},"end":{"line":349,"column":24}},"188":{"start":{"line":349,"column":6},"end":{"line":349,"column":24}},"189":{"start":{"line":350,"column":5},"end":{"line":351,"column":24}},"190":{"start":{"line":351,"column":6},"end":{"line":351,"column":24}},"191":{"start":{"line":354,"column":2},"end":{"line":379,"column":3}},"192":{"start":{"line":355,"column":3},"end":{"line":373,"column":26}},"193":{"start":{"line":356,"column":4},"end":{"line":373,"column":26}},"194":{"start":{"line":357,"column":5},"end":{"line":357,"column":23}},"195":{"start":{"line":360,"column":4},"end":{"line":373,"column":26}},"196":{"start":{"line":361,"column":5},"end":{"line":373,"column":26}},"197":{"start":{"line":362,"column":6},"end":{"line":362,"column":24}},"198":{"start":{"line":364,"column":5},"end":{"line":373,"column":26}},"199":{"start":{"line":365,"column":6},"end":{"line":373,"column":26}},"200":{"start":{"line":366,"column":7},"end":{"line":366,"column":25}},"201":{"start":{"line":368,"column":6},"end":{"line":373,"column":26}},"202":{"start":{"line":369,"column":7},"end":{"line":373,"column":26}},"203":{"start":{"line":370,"column":8},"end":{"line":370,"column":26}},"204":{"start":{"line":372,"column":7},"end":{"line":373,"column":26}},"205":{"start":{"line":373,"column":8},"end":{"line":373,"column":26}},"206":{"start":{"line":374,"column":3},"end":{"line":376,"column":4}},"207":{"start":{"line":375,"column":4},"end":{"line":375,"column":22}},"208":{"start":{"line":382,"column":2},"end":{"line":394,"column":3}},"209":{"start":{"line":383,"column":3},"end":{"line":393,"column":37}},"210":{"start":{"line":384,"column":4},"end":{"line":387,"column":36}},"211":{"start":{"line":385,"column":5},"end":{"line":385,"column":36}},"212":{"start":{"line":387,"column":5},"end":{"line":387,"column":36}},"213":{"start":{"line":389,"column":4},"end":{"line":393,"column":37}},"214":{"start":{"line":390,"column":5},"end":{"line":393,"column":37}},"215":{"start":{"line":391,"column":6},"end":{"line":391,"column":37}},"216":{"start":{"line":393,"column":6},"end":{"line":393,"column":37}},"217":{"start":{"line":396,"column":1},"end":{"line":396,"column":19}},"218":{"start":{"line":398,"column":0},"end":{"line":406,"column":1}},"219":{"start":{"line":399,"column":1},"end":{"line":400,"column":40}},"220":{"start":{"line":400,"column":2},"end":{"line":400,"column":40}},"221":{"start":{"line":401,"column":1},"end":{"line":402,"column":42}},"222":{"start":{"line":402,"column":2},"end":{"line":402,"column":42}},"223":{"start":{"line":403,"column":1},"end":{"line":404,"column":37}},"224":{"start":{"line":404,"column":2},"end":{"line":404,"column":37}},"225":{"start":{"line":405,"column":1},"end":{"line":405,"column":10}},"226":{"start":{"line":408,"column":0},"end":{"line":417,"column":1}},"227":{"start":{"line":409,"column":1},"end":{"line":416,"column":2}},"228":{"start":{"line":410,"column":2},"end":{"line":411,"column":24}},"229":{"start":{"line":411,"column":3},"end":{"line":411,"column":24}},"230":{"start":{"line":412,"column":2},"end":{"line":413,"column":24}},"231":{"start":{"line":413,"column":3},"end":{"line":413,"column":24}},"232":{"start":{"line":414,"column":2},"end":{"line":415,"column":24}},"233":{"start":{"line":415,"column":3},"end":{"line":415,"column":24}},"234":{"start":{"line":429,"column":0},"end":{"line":451,"column":1}},"235":{"start":{"line":430,"column":1},"end":{"line":430,"column":15}},"236":{"start":{"line":431,"column":1},"end":{"line":431,"column":5}},"237":{"start":{"line":432,"column":1},"end":{"line":436,"column":2}},"238":{"start":{"line":433,"column":2},"end":{"line":434,"column":12}},"239":{"start":{"line":434,"column":3},"end":{"line":434,"column":12}},"240":{"start":{"line":435,"column":2},"end":{"line":435,"column":6}},"241":{"start":{"line":438,"column":1},"end":{"line":438,"column":12}},"242":{"start":{"line":453,"column":0},"end":{"line":484,"column":1}},"243":{"start":{"line":454,"column":1},"end":{"line":454,"column":19}},"244":{"start":{"line":455,"column":1},"end":{"line":463,"column":2}},"245":{"start":{"line":456,"column":2},"end":{"line":456,"column":29}},"246":{"start":{"line":457,"column":2},"end":{"line":459,"column":22}},"247":{"start":{"line":458,"column":3},"end":{"line":459,"column":22}},"248":{"start":{"line":459,"column":4},"end":{"line":459,"column":22}},"249":{"start":{"line":460,"column":2},"end":{"line":462,"column":22}},"250":{"start":{"line":461,"column":3},"end":{"line":462,"column":22}},"251":{"start":{"line":462,"column":4},"end":{"line":462,"column":22}},"252":{"start":{"line":464,"column":1},"end":{"line":472,"column":2}},"253":{"start":{"line":465,"column":2},"end":{"line":465,"column":29}},"254":{"start":{"line":466,"column":2},"end":{"line":468,"column":22}},"255":{"start":{"line":467,"column":3},"end":{"line":468,"column":22}},"256":{"start":{"line":468,"column":4},"end":{"line":468,"column":22}},"257":{"start":{"line":469,"column":2},"end":{"line":471,"column":22}},"258":{"start":{"line":470,"column":3},"end":{"line":471,"column":22}},"259":{"start":{"line":471,"column":4},"end":{"line":471,"column":22}},"260":{"start":{"line":473,"column":1},"end":{"line":478,"column":36}},"261":{"start":{"line":474,"column":2},"end":{"line":478,"column":36}},"262":{"start":{"line":475,"column":3},"end":{"line":478,"column":36}},"263":{"start":{"line":476,"column":4},"end":{"line":476,"column":36}},"264":{"start":{"line":478,"column":4},"end":{"line":478,"column":36}},"265":{"start":{"line":479,"column":2},"end":{"line":483,"column":36}},"266":{"start":{"line":480,"column":3},"end":{"line":483,"column":36}},"267":{"start":{"line":481,"column":4},"end":{"line":481,"column":36}},"268":{"start":{"line":483,"column":4},"end":{"line":483,"column":36}},"269":{"start":{"line":494,"column":0},"end":{"line":527,"column":2}},"270":{"start":{"line":497,"column":1},"end":{"line":497,"column":33}},"271":{"start":{"line":500,"column":1},"end":{"line":500,"column":33}},"272":{"start":{"line":502,"column":1},"end":{"line":502,"column":34}},"273":{"start":{"line":505,"column":1},"end":{"line":505,"column":27}},"274":{"start":{"line":509,"column":1},"end":{"line":509,"column":30}},"275":{"start":{"line":511,"column":1},"end":{"line":511,"column":25}},"276":{"start":{"line":513,"column":1},"end":{"line":513,"column":29}},"277":{"start":{"line":516,"column":1},"end":{"line":516,"column":24}},"278":{"start":{"line":526,"column":1},"end":{"line":526,"column":26}},"279":{"start":{"line":529,"column":0},"end":{"line":529,"column":29}}},"branchMap":{"1":{"line":18,"type":"cond-expr","locations":[{"start":{"line":18,"column":38},"end":{"line":18,"column":44}},{"start":{"line":18,"column":47},"end":{"line":18,"column":59}}]},"2":{"line":73,"type":"if","locations":[{"start":{"line":73,"column":1},"end":{"line":73,"column":1}},{"start":{"line":73,"column":1},"end":{"line":73,"column":1}}]},"3":{"line":81,"type":"if","locations":[{"start":{"line":81,"column":2},"end":{"line":81,"column":2}},{"start":{"line":81,"column":2},"end":{"line":81,"column":2}}]},"4":{"line":92,"type":"if","locations":[{"start":{"line":92,"column":1},"end":{"line":92,"column":1}},{"start":{"line":92,"column":1},"end":{"line":92,"column":1}}]},"5":{"line":96,"type":"if","locations":[{"start":{"line":96,"column":1},"end":{"line":96,"column":1}},{"start":{"line":96,"column":1},"end":{"line":96,"column":1}}]},"6":{"line":100,"type":"if","locations":[{"start":{"line":100,"column":1},"end":{"line":100,"column":1}},{"start":{"line":100,"column":1},"end":{"line":100,"column":1}}]},"7":{"line":101,"type":"if","locations":[{"start":{"line":101,"column":2},"end":{"line":101,"column":2}},{"start":{"line":101,"column":2},"end":{"line":101,"column":2}}]},"8":{"line":110,"type":"if","locations":[{"start":{"line":110,"column":1},"end":{"line":110,"column":1}},{"start":{"line":110,"column":1},"end":{"line":110,"column":1}}]},"9":{"line":123,"type":"if","locations":[{"start":{"line":123,"column":1},"end":{"line":123,"column":1}},{"start":{"line":123,"column":1},"end":{"line":123,"column":1}}]},"10":{"line":123,"type":"binary-expr","locations":[{"start":{"line":123,"column":6},"end":{"line":123,"column":43}},{"start":{"line":123,"column":49},"end":{"line":123,"column":82}}]},"11":{"line":127,"type":"if","locations":[{"start":{"line":127,"column":1},"end":{"line":127,"column":1}},{"start":{"line":127,"column":1},"end":{"line":127,"column":1}}]},"12":{"line":127,"type":"binary-expr","locations":[{"start":{"line":127,"column":6},"end":{"line":127,"column":43}},{"start":{"line":127,"column":49},"end":{"line":127,"column":82}}]},"13":{"line":131,"type":"if","locations":[{"start":{"line":131,"column":1},"end":{"line":131,"column":1}},{"start":{"line":131,"column":1},"end":{"line":131,"column":1}}]},"14":{"line":131,"type":"binary-expr","locations":[{"start":{"line":131,"column":6},"end":{"line":131,"column":43}},{"start":{"line":131,"column":49},"end":{"line":131,"column":82}}]},"15":{"line":140,"type":"if","locations":[{"start":{"line":140,"column":1},"end":{"line":140,"column":1}},{"start":{"line":140,"column":1},"end":{"line":140,"column":1}}]},"16":{"line":140,"type":"binary-expr","locations":[{"start":{"line":140,"column":5},"end":{"line":140,"column":33}},{"start":{"line":140,"column":39},"end":{"line":140,"column":67}},{"start":{"line":140,"column":73},"end":{"line":140,"column":101}}]},"17":{"line":147,"type":"if","locations":[{"start":{"line":147,"column":2},"end":{"line":147,"column":2}},{"start":{"line":147,"column":2},"end":{"line":147,"column":2}}]},"18":{"line":149,"type":"if","locations":[{"start":{"line":149,"column":7},"end":{"line":149,"column":7}},{"start":{"line":149,"column":7},"end":{"line":149,"column":7}}]},"19":{"line":151,"type":"if","locations":[{"start":{"line":151,"column":7},"end":{"line":151,"column":7}},{"start":{"line":151,"column":7},"end":{"line":151,"column":7}}]},"20":{"line":158,"type":"if","locations":[{"start":{"line":158,"column":1},"end":{"line":158,"column":1}},{"start":{"line":158,"column":1},"end":{"line":158,"column":1}}]},"21":{"line":158,"type":"binary-expr","locations":[{"start":{"line":158,"column":7},"end":{"line":158,"column":50}},{"start":{"line":158,"column":56},"end":{"line":158,"column":99}},{"start":{"line":158,"column":106},"end":{"line":158,"column":139}}]},"22":{"line":159,"type":"if","locations":[{"start":{"line":159,"column":2},"end":{"line":159,"column":2}},{"start":{"line":159,"column":2},"end":{"line":159,"column":2}}]},"23":{"line":162,"type":"if","locations":[{"start":{"line":162,"column":3},"end":{"line":162,"column":3}},{"start":{"line":162,"column":3},"end":{"line":162,"column":3}}]},"24":{"line":168,"type":"if","locations":[{"start":{"line":168,"column":1},"end":{"line":168,"column":1}},{"start":{"line":168,"column":1},"end":{"line":168,"column":1}}]},"25":{"line":168,"type":"binary-expr","locations":[{"start":{"line":168,"column":7},"end":{"line":168,"column":50}},{"start":{"line":168,"column":56},"end":{"line":168,"column":99}},{"start":{"line":168,"column":106},"end":{"line":168,"column":139}}]},"26":{"line":169,"type":"if","locations":[{"start":{"line":169,"column":2},"end":{"line":169,"column":2}},{"start":{"line":169,"column":2},"end":{"line":169,"column":2}}]},"27":{"line":172,"type":"if","locations":[{"start":{"line":172,"column":3},"end":{"line":172,"column":3}},{"start":{"line":172,"column":3},"end":{"line":172,"column":3}}]},"28":{"line":178,"type":"if","locations":[{"start":{"line":178,"column":1},"end":{"line":178,"column":1}},{"start":{"line":178,"column":1},"end":{"line":178,"column":1}}]},"29":{"line":178,"type":"binary-expr","locations":[{"start":{"line":178,"column":7},"end":{"line":178,"column":50}},{"start":{"line":178,"column":56},"end":{"line":178,"column":99}},{"start":{"line":178,"column":106},"end":{"line":178,"column":139}}]},"30":{"line":179,"type":"if","locations":[{"start":{"line":179,"column":2},"end":{"line":179,"column":2}},{"start":{"line":179,"column":2},"end":{"line":179,"column":2}}]},"31":{"line":182,"type":"if","locations":[{"start":{"line":182,"column":3},"end":{"line":182,"column":3}},{"start":{"line":182,"column":3},"end":{"line":182,"column":3}}]},"32":{"line":191,"type":"if","locations":[{"start":{"line":191,"column":1},"end":{"line":191,"column":1}},{"start":{"line":191,"column":1},"end":{"line":191,"column":1}}]},"33":{"line":193,"type":"if","locations":[{"start":{"line":193,"column":2},"end":{"line":193,"column":2}},{"start":{"line":193,"column":2},"end":{"line":193,"column":2}}]},"34":{"line":198,"type":"if","locations":[{"start":{"line":198,"column":3},"end":{"line":198,"column":3}},{"start":{"line":198,"column":3},"end":{"line":198,"column":3}}]},"35":{"line":211,"type":"if","locations":[{"start":{"line":211,"column":8},"end":{"line":211,"column":8}},{"start":{"line":211,"column":8},"end":{"line":211,"column":8}}]},"36":{"line":211,"type":"binary-expr","locations":[{"start":{"line":211,"column":12},"end":{"line":211,"column":38}},{"start":{"line":211,"column":44},"end":{"line":211,"column":73}},{"start":{"line":211,"column":79},"end":{"line":211,"column":107}},{"start":{"line":211,"column":113},"end":{"line":211,"column":145}}]},"37":{"line":213,"type":"if","locations":[{"start":{"line":213,"column":3},"end":{"line":213,"column":3}},{"start":{"line":213,"column":3},"end":{"line":213,"column":3}}]},"38":{"line":215,"type":"if","locations":[{"start":{"line":215,"column":4},"end":{"line":215,"column":4}},{"start":{"line":215,"column":4},"end":{"line":215,"column":4}}]},"39":{"line":227,"type":"if","locations":[{"start":{"line":227,"column":4},"end":{"line":227,"column":4}},{"start":{"line":227,"column":4},"end":{"line":227,"column":4}}]},"40":{"line":240,"type":"if","locations":[{"start":{"line":240,"column":1},"end":{"line":240,"column":1}},{"start":{"line":240,"column":1},"end":{"line":240,"column":1}}]},"41":{"line":240,"type":"binary-expr","locations":[{"start":{"line":240,"column":6},"end":{"line":240,"column":25}},{"start":{"line":240,"column":31},"end":{"line":240,"column":51}}]},"42":{"line":241,"type":"if","locations":[{"start":{"line":241,"column":2},"end":{"line":241,"column":2}},{"start":{"line":241,"column":2},"end":{"line":241,"column":2}}]},"43":{"line":241,"type":"binary-expr","locations":[{"start":{"line":241,"column":7},"end":{"line":241,"column":32}},{"start":{"line":241,"column":38},"end":{"line":241,"column":63}}]},"44":{"line":246,"type":"if","locations":[{"start":{"line":246,"column":1},"end":{"line":246,"column":1}},{"start":{"line":246,"column":1},"end":{"line":246,"column":1}}]},"45":{"line":246,"type":"binary-expr","locations":[{"start":{"line":246,"column":6},"end":{"line":246,"column":25}},{"start":{"line":246,"column":31},"end":{"line":246,"column":51}}]},"46":{"line":247,"type":"if","locations":[{"start":{"line":247,"column":2},"end":{"line":247,"column":2}},{"start":{"line":247,"column":2},"end":{"line":247,"column":2}}]},"47":{"line":247,"type":"binary-expr","locations":[{"start":{"line":247,"column":7},"end":{"line":247,"column":32}},{"start":{"line":247,"column":38},"end":{"line":247,"column":63}},{"start":{"line":247,"column":69},"end":{"line":247,"column":94}}]},"48":{"line":259,"type":"if","locations":[{"start":{"line":259,"column":1},"end":{"line":259,"column":1}},{"start":{"line":259,"column":1},"end":{"line":259,"column":1}}]},"49":{"line":259,"type":"binary-expr","locations":[{"start":{"line":259,"column":6},"end":{"line":259,"column":27}},{"start":{"line":259,"column":34},"end":{"line":259,"column":59}},{"start":{"line":259,"column":65},"end":{"line":259,"column":92}},{"start":{"line":259,"column":98},"end":{"line":259,"column":123}}]},"50":{"line":261,"type":"if","locations":[{"start":{"line":261,"column":2},"end":{"line":261,"column":2}},{"start":{"line":261,"column":2},"end":{"line":261,"column":2}}]},"51":{"line":267,"type":"if","locations":[{"start":{"line":267,"column":1},"end":{"line":267,"column":1}},{"start":{"line":267,"column":1},"end":{"line":267,"column":1}}]},"52":{"line":267,"type":"binary-expr","locations":[{"start":{"line":267,"column":6},"end":{"line":267,"column":24}},{"start":{"line":267,"column":30},"end":{"line":267,"column":61}}]},"53":{"line":272,"type":"if","locations":[{"start":{"line":272,"column":1},"end":{"line":272,"column":1}},{"start":{"line":272,"column":1},"end":{"line":272,"column":1}}]},"54":{"line":274,"type":"if","locations":[{"start":{"line":274,"column":2},"end":{"line":274,"column":2}},{"start":{"line":274,"column":2},"end":{"line":274,"column":2}}]},"55":{"line":280,"type":"if","locations":[{"start":{"line":280,"column":1},"end":{"line":280,"column":1}},{"start":{"line":280,"column":1},"end":{"line":280,"column":1}}]},"56":{"line":285,"type":"if","locations":[{"start":{"line":285,"column":1},"end":{"line":285,"column":1}},{"start":{"line":285,"column":1},"end":{"line":285,"column":1}}]},"57":{"line":290,"type":"if","locations":[{"start":{"line":290,"column":1},"end":{"line":290,"column":1}},{"start":{"line":290,"column":1},"end":{"line":290,"column":1}}]},"58":{"line":290,"type":"binary-expr","locations":[{"start":{"line":290,"column":6},"end":{"line":290,"column":37}},{"start":{"line":290,"column":43},"end":{"line":290,"column":74}},{"start":{"line":290,"column":80},"end":{"line":290,"column":113}}]},"59":{"line":295,"type":"if","locations":[{"start":{"line":295,"column":1},"end":{"line":295,"column":1}},{"start":{"line":295,"column":1},"end":{"line":295,"column":1}}]},"60":{"line":295,"type":"binary-expr","locations":[{"start":{"line":295,"column":6},"end":{"line":295,"column":37}},{"start":{"line":295,"column":43},"end":{"line":295,"column":76}},{"start":{"line":295,"column":82},"end":{"line":295,"column":113}},{"start":{"line":295,"column":119},"end":{"line":295,"column":152}}]},"61":{"line":300,"type":"if","locations":[{"start":{"line":300,"column":1},"end":{"line":300,"column":1}},{"start":{"line":300,"column":1},"end":{"line":300,"column":1}}]},"62":{"line":300,"type":"binary-expr","locations":[{"start":{"line":300,"column":6},"end":{"line":300,"column":37}},{"start":{"line":300,"column":43},"end":{"line":300,"column":76}},{"start":{"line":300,"column":82},"end":{"line":300,"column":115}}]},"63":{"line":305,"type":"if","locations":[{"start":{"line":305,"column":1},"end":{"line":305,"column":1}},{"start":{"line":305,"column":1},"end":{"line":305,"column":1}}]},"64":{"line":305,"type":"binary-expr","locations":[{"start":{"line":305,"column":6},"end":{"line":305,"column":37}},{"start":{"line":305,"column":43},"end":{"line":305,"column":76}},{"start":{"line":305,"column":82},"end":{"line":305,"column":115}}]},"65":{"line":316,"type":"if","locations":[{"start":{"line":316,"column":1},"end":{"line":316,"column":1}},{"start":{"line":316,"column":1},"end":{"line":316,"column":1}}]},"66":{"line":316,"type":"binary-expr","locations":[{"start":{"line":316,"column":6},"end":{"line":316,"column":36}},{"start":{"line":316,"column":42},"end":{"line":316,"column":79}},{"start":{"line":316,"column":85},"end":{"line":316,"column":119}},{"start":{"line":316,"column":125},"end":{"line":316,"column":160}}]},"67":{"line":318,"type":"if","locations":[{"start":{"line":318,"column":2},"end":{"line":318,"column":2}},{"start":{"line":318,"column":2},"end":{"line":318,"column":2}}]},"68":{"line":320,"type":"if","locations":[{"start":{"line":320,"column":3},"end":{"line":320,"column":3}},{"start":{"line":320,"column":3},"end":{"line":320,"column":3}}]},"69":{"line":323,"type":"if","locations":[{"start":{"line":323,"column":3},"end":{"line":323,"column":3}},{"start":{"line":323,"column":3},"end":{"line":323,"column":3}}]},"70":{"line":327,"type":"if","locations":[{"start":{"line":327,"column":2},"end":{"line":327,"column":2}},{"start":{"line":327,"column":2},"end":{"line":327,"column":2}}]},"71":{"line":328,"type":"if","locations":[{"start":{"line":328,"column":3},"end":{"line":328,"column":3}},{"start":{"line":328,"column":3},"end":{"line":328,"column":3}}]},"72":{"line":331,"type":"if","locations":[{"start":{"line":331,"column":3},"end":{"line":331,"column":3}},{"start":{"line":331,"column":3},"end":{"line":331,"column":3}}]},"73":{"line":335,"type":"if","locations":[{"start":{"line":335,"column":2},"end":{"line":335,"column":2}},{"start":{"line":335,"column":2},"end":{"line":335,"column":2}}]},"74":{"line":336,"type":"if","locations":[{"start":{"line":336,"column":3},"end":{"line":336,"column":3}},{"start":{"line":336,"column":3},"end":{"line":336,"column":3}}]},"75":{"line":337,"type":"if","locations":[{"start":{"line":337,"column":4},"end":{"line":337,"column":4}},{"start":{"line":337,"column":4},"end":{"line":337,"column":4}}]},"76":{"line":339,"type":"if","locations":[{"start":{"line":339,"column":4},"end":{"line":339,"column":4}},{"start":{"line":339,"column":4},"end":{"line":339,"column":4}}]},"77":{"line":342,"type":"if","locations":[{"start":{"line":342,"column":4},"end":{"line":342,"column":4}},{"start":{"line":342,"column":4},"end":{"line":342,"column":4}}]},"78":{"line":343,"type":"if","locations":[{"start":{"line":343,"column":5},"end":{"line":343,"column":5}},{"start":{"line":343,"column":5},"end":{"line":343,"column":5}}]},"79":{"line":345,"type":"if","locations":[{"start":{"line":345,"column":5},"end":{"line":345,"column":5}},{"start":{"line":345,"column":5},"end":{"line":345,"column":5}}]},"80":{"line":348,"type":"if","locations":[{"start":{"line":348,"column":5},"end":{"line":348,"column":5}},{"start":{"line":348,"column":5},"end":{"line":348,"column":5}}]},"81":{"line":350,"type":"if","locations":[{"start":{"line":350,"column":5},"end":{"line":350,"column":5}},{"start":{"line":350,"column":5},"end":{"line":350,"column":5}}]},"82":{"line":354,"type":"if","locations":[{"start":{"line":354,"column":2},"end":{"line":354,"column":2}},{"start":{"line":354,"column":2},"end":{"line":354,"column":2}}]},"83":{"line":355,"type":"if","locations":[{"start":{"line":355,"column":3},"end":{"line":355,"column":3}},{"start":{"line":355,"column":3},"end":{"line":355,"column":3}}]},"84":{"line":355,"type":"binary-expr","locations":[{"start":{"line":355,"column":8},"end":{"line":355,"column":45}},{"start":{"line":355,"column":51},"end":{"line":355,"column":85}}]},"85":{"line":356,"type":"if","locations":[{"start":{"line":356,"column":4},"end":{"line":356,"column":4}},{"start":{"line":356,"column":4},"end":{"line":356,"column":4}}]},"86":{"line":360,"type":"if","locations":[{"start":{"line":360,"column":4},"end":{"line":360,"column":4}},{"start":{"line":360,"column":4},"end":{"line":360,"column":4}}]},"87":{"line":360,"type":"binary-expr","locations":[{"start":{"line":360,"column":9},"end":{"line":360,"column":39}},{"start":{"line":360,"column":45},"end":{"line":360,"column":79}}]},"88":{"line":361,"type":"if","locations":[{"start":{"line":361,"column":5},"end":{"line":361,"column":5}},{"start":{"line":361,"column":5},"end":{"line":361,"column":5}}]},"89":{"line":364,"type":"if","locations":[{"start":{"line":364,"column":5},"end":{"line":364,"column":5}},{"start":{"line":364,"column":5},"end":{"line":364,"column":5}}]},"90":{"line":365,"type":"if","locations":[{"start":{"line":365,"column":6},"end":{"line":365,"column":6}},{"start":{"line":365,"column":6},"end":{"line":365,"column":6}}]},"91":{"line":368,"type":"if","locations":[{"start":{"line":368,"column":6},"end":{"line":368,"column":6}},{"start":{"line":368,"column":6},"end":{"line":368,"column":6}}]},"92":{"line":369,"type":"if","locations":[{"start":{"line":369,"column":7},"end":{"line":369,"column":7}},{"start":{"line":369,"column":7},"end":{"line":369,"column":7}}]},"93":{"line":372,"type":"if","locations":[{"start":{"line":372,"column":7},"end":{"line":372,"column":7}},{"start":{"line":372,"column":7},"end":{"line":372,"column":7}}]},"94":{"line":374,"type":"if","locations":[{"start":{"line":374,"column":3},"end":{"line":374,"column":3}},{"start":{"line":374,"column":3},"end":{"line":374,"column":3}}]},"95":{"line":382,"type":"if","locations":[{"start":{"line":382,"column":2},"end":{"line":382,"column":2}},{"start":{"line":382,"column":2},"end":{"line":382,"column":2}}]},"96":{"line":382,"type":"binary-expr","locations":[{"start":{"line":382,"column":7},"end":{"line":382,"column":33}},{"start":{"line":382,"column":39},"end":{"line":382,"column":72}},{"start":{"line":382,"column":78},"end":{"line":382,"column":108}},{"start":{"line":382,"column":114},"end":{"line":382,"column":145}}]},"97":{"line":383,"type":"if","locations":[{"start":{"line":383,"column":3},"end":{"line":383,"column":3}},{"start":{"line":383,"column":3},"end":{"line":383,"column":3}}]},"98":{"line":384,"type":"if","locations":[{"start":{"line":384,"column":4},"end":{"line":384,"column":4}},{"start":{"line":384,"column":4},"end":{"line":384,"column":4}}]},"99":{"line":389,"type":"if","locations":[{"start":{"line":389,"column":4},"end":{"line":389,"column":4}},{"start":{"line":389,"column":4},"end":{"line":389,"column":4}}]},"100":{"line":390,"type":"if","locations":[{"start":{"line":390,"column":5},"end":{"line":390,"column":5}},{"start":{"line":390,"column":5},"end":{"line":390,"column":5}}]},"101":{"line":399,"type":"if","locations":[{"start":{"line":399,"column":1},"end":{"line":399,"column":1}},{"start":{"line":399,"column":1},"end":{"line":399,"column":1}}]},"102":{"line":401,"type":"if","locations":[{"start":{"line":401,"column":1},"end":{"line":401,"column":1}},{"start":{"line":401,"column":1},"end":{"line":401,"column":1}}]},"103":{"line":403,"type":"if","locations":[{"start":{"line":403,"column":1},"end":{"line":403,"column":1}},{"start":{"line":403,"column":1},"end":{"line":403,"column":1}}]},"104":{"line":409,"type":"if","locations":[{"start":{"line":409,"column":1},"end":{"line":409,"column":1}},{"start":{"line":409,"column":1},"end":{"line":409,"column":1}}]},"105":{"line":409,"type":"binary-expr","locations":[{"start":{"line":409,"column":6},"end":{"line":409,"column":24}},{"start":{"line":409,"column":31},"end":{"line":409,"column":56}},{"start":{"line":409,"column":62},"end":{"line":409,"column":89}},{"start":{"line":409,"column":95},"end":{"line":409,"column":120}}]},"106":{"line":410,"type":"if","locations":[{"start":{"line":410,"column":2},"end":{"line":410,"column":2}},{"start":{"line":410,"column":2},"end":{"line":410,"column":2}}]},"107":{"line":410,"type":"binary-expr","locations":[{"start":{"line":410,"column":7},"end":{"line":410,"column":33}},{"start":{"line":410,"column":37},"end":{"line":410,"column":65}},{"start":{"line":410,"column":69},"end":{"line":410,"column":92}}]},"108":{"line":412,"type":"if","locations":[{"start":{"line":412,"column":2},"end":{"line":412,"column":2}},{"start":{"line":412,"column":2},"end":{"line":412,"column":2}}]},"109":{"line":412,"type":"binary-expr","locations":[{"start":{"line":412,"column":7},"end":{"line":412,"column":35}},{"start":{"line":412,"column":39},"end":{"line":412,"column":62}}]},"110":{"line":414,"type":"if","locations":[{"start":{"line":414,"column":2},"end":{"line":414,"column":2}},{"start":{"line":414,"column":2},"end":{"line":414,"column":2}}]},"111":{"line":433,"type":"if","locations":[{"start":{"line":433,"column":2},"end":{"line":433,"column":2}},{"start":{"line":433,"column":2},"end":{"line":433,"column":2}}]},"112":{"line":455,"type":"if","locations":[{"start":{"line":455,"column":1},"end":{"line":455,"column":1}},{"start":{"line":455,"column":1},"end":{"line":455,"column":1}}]},"113":{"line":455,"type":"binary-expr","locations":[{"start":{"line":455,"column":6},"end":{"line":455,"column":47}},{"start":{"line":455,"column":53},"end":{"line":455,"column":94}},{"start":{"line":455,"column":100},"end":{"line":455,"column":128}}]},"114":{"line":457,"type":"if","locations":[{"start":{"line":457,"column":2},"end":{"line":457,"column":2}},{"start":{"line":457,"column":2},"end":{"line":457,"column":2}}]},"115":{"line":458,"type":"if","locations":[{"start":{"line":458,"column":3},"end":{"line":458,"column":3}},{"start":{"line":458,"column":3},"end":{"line":458,"column":3}}]},"116":{"line":460,"type":"if","locations":[{"start":{"line":460,"column":2},"end":{"line":460,"column":2}},{"start":{"line":460,"column":2},"end":{"line":460,"column":2}}]},"117":{"line":461,"type":"if","locations":[{"start":{"line":461,"column":3},"end":{"line":461,"column":3}},{"start":{"line":461,"column":3},"end":{"line":461,"column":3}}]},"118":{"line":464,"type":"if","locations":[{"start":{"line":464,"column":1},"end":{"line":464,"column":1}},{"start":{"line":464,"column":1},"end":{"line":464,"column":1}}]},"119":{"line":464,"type":"binary-expr","locations":[{"start":{"line":464,"column":6},"end":{"line":464,"column":47}},{"start":{"line":464,"column":51},"end":{"line":464,"column":92}},{"start":{"line":464,"column":98},"end":{"line":464,"column":126}}]},"120":{"line":466,"type":"if","locations":[{"start":{"line":466,"column":2},"end":{"line":466,"column":2}},{"start":{"line":466,"column":2},"end":{"line":466,"column":2}}]},"121":{"line":467,"type":"if","locations":[{"start":{"line":467,"column":3},"end":{"line":467,"column":3}},{"start":{"line":467,"column":3},"end":{"line":467,"column":3}}]},"122":{"line":469,"type":"if","locations":[{"start":{"line":469,"column":2},"end":{"line":469,"column":2}},{"start":{"line":469,"column":2},"end":{"line":469,"column":2}}]},"123":{"line":470,"type":"if","locations":[{"start":{"line":470,"column":3},"end":{"line":470,"column":3}},{"start":{"line":470,"column":3},"end":{"line":470,"column":3}}]},"124":{"line":473,"type":"if","locations":[{"start":{"line":473,"column":1},"end":{"line":473,"column":1}},{"start":{"line":473,"column":1},"end":{"line":473,"column":1}}]},"125":{"line":474,"type":"if","locations":[{"start":{"line":474,"column":2},"end":{"line":474,"column":2}},{"start":{"line":474,"column":2},"end":{"line":474,"column":2}}]},"126":{"line":475,"type":"if","locations":[{"start":{"line":475,"column":3},"end":{"line":475,"column":3}},{"start":{"line":475,"column":3},"end":{"line":475,"column":3}}]},"127":{"line":479,"type":"if","locations":[{"start":{"line":479,"column":2},"end":{"line":479,"column":2}},{"start":{"line":479,"column":2},"end":{"line":479,"column":2}}]},"128":{"line":480,"type":"if","locations":[{"start":{"line":480,"column":3},"end":{"line":480,"column":3}},{"start":{"line":480,"column":3},"end":{"line":480,"column":3}}]}}}}