TN:
SF:/home/daniel/Escritorio/Computacion/3° Año/2do Cuatrimestre/Ingenieria de Software/Taller/Truco 2do Cuatrimestre/TrucoIng/models/card.js
FN:33,Card
FN:42,(anonymous_2)
FN:58,(anonymous_3)
FN:63,(anonymous_4)
FNF:4
FNH:4
FNDA:109,Card
FNDA:1,(anonymous_2)
FNDA:108,(anonymous_3)
FNDA:36,(anonymous_4)
DA:21,1
DA:33,1
DA:34,109
DA:35,109
DA:36,109
DA:42,1
DA:43,1
DA:58,1
DA:59,108
DA:63,1
DA:64,36
DA:65,7
DA:66,2
DA:67,5
DA:68,0
DA:69,0
DA:71,0
DA:73,5
DA:76,29
DA:77,6
DA:78,23
DA:79,6
DA:80,6
DA:82,0
DA:84,17
DA:88,1
LF:26
LH:22
BRDA:59,1,0,108
BRDA:59,1,1,95
BRDA:59,1,2,87
BRDA:64,2,0,7
BRDA:64,2,1,29
BRDA:65,3,0,2
BRDA:65,3,1,5
BRDA:65,4,0,7
BRDA:65,4,1,2
BRDA:67,5,0,0
BRDA:67,5,1,5
BRDA:67,6,0,5
BRDA:67,6,1,5
BRDA:68,7,0,0
BRDA:68,7,1,0
BRDA:76,8,0,6
BRDA:76,8,1,23
BRDA:76,9,0,29
BRDA:76,9,1,12
BRDA:78,10,0,6
BRDA:78,10,1,17
BRDA:78,11,0,23
BRDA:78,11,1,17
BRDA:79,12,0,6
BRDA:79,12,1,0
BRF:25
BRH:21
end_of_record
TN:
SF:/home/daniel/Escritorio/Computacion/3° Año/2do Cuatrimestre/Ingenieria de Software/Taller/Truco 2do Cuatrimestre/TrucoIng/models/deck.js
FN:20,Deck
FN:26,(anonymous_2)
FN:27,(anonymous_3)
FN:28,(anonymous_4)
FN:37,(anonymous_5)
FNF:5
FNH:5
FNDA:2,Deck
FNDA:2,(anonymous_2)
FNDA:8,(anonymous_3)
FNDA:80,(anonymous_4)
FNDA:1,(anonymous_5)
DA:1,1
DA:2,1
DA:5,1
DA:10,1
DA:15,1
DA:20,1
DA:26,1
DA:27,2
DA:28,8
DA:29,80
DA:37,1
DA:38,1
DA:41,1
LF:13
LH:13
BRF:0
BRH:0
end_of_record
TN:
SF:/home/daniel/Escritorio/Computacion/3° Año/2do Cuatrimestre/Ingenieria de Software/Taller/Truco 2do Cuatrimestre/TrucoIng/models/player.js
FN:11,Player
FN:19,(anonymous_2)
FN:25,(anonymous_3)
FNF:3
FNH:3
FNDA:12,Player
FNDA:8,(anonymous_2)
FNDA:12,(anonymous_3)
DA:7,1
DA:9,1
DA:11,1
DA:12,12
DA:13,12
DA:14,12
DA:15,12
DA:19,1
DA:20,8
DA:21,8
DA:25,1
DA:26,12
DA:32,1
LF:13
LH:13
BRF:0
BRH:0
end_of_record
TN:
SF:/home/daniel/Escritorio/Computacion/3° Año/2do Cuatrimestre/Ingenieria de Software/Taller/Truco 2do Cuatrimestre/TrucoIng/models/game.js
FN:16,(anonymous_1)
FN:40,(anonymous_2)
FN:50,(anonymous_3)
FN:68,(anonymous_4)
FNF:4
FNH:2
FNDA:1,(anonymous_1)
FNDA:1,(anonymous_2)
FNDA:0,(anonymous_3)
FNDA:0,(anonymous_4)
DA:2,1
DA:3,1
DA:4,1
DA:5,1
DA:6,1
DA:8,1
DA:9,1
DA:12,1
DA:13,1
DA:15,1
DA:16,1
DA:17,1
DA:23,1
DA:38,1
DA:40,1
DA:41,1
DA:42,1
DA:44,1
DA:50,1
DA:55,0
DA:56,0
DA:60,0
DA:61,0
DA:64,0
DA:68,1
DA:72,0
DA:73,0
DA:75,0
DA:81,1
LF:29
LH:21
BRDA:55,1,0,0
BRDA:55,1,1,0
BRDA:60,2,0,0
BRDA:60,2,1,0
BRDA:72,3,0,0
BRDA:72,3,1,0
BRF:6
BRH:0
end_of_record
TN:
SF:/home/daniel/Escritorio/Computacion/3° Año/2do Cuatrimestre/Ingenieria de Software/Taller/Truco 2do Cuatrimestre/TrucoIng/models/round.js
FN:16,(anonymous_1)
FN:36,Round
FN:59,(anonymous_3)
FN:71,(anonymous_4)
FN:80,(anonymous_5)
FN:90,(anonymous_6)
FN:109,(anonymous_7)
FN:118,(anonymous_8)
FN:138,(anonymous_9)
FN:146,(anonymous_10)
FN:156,(anonymous_11)
FN:189,(anonymous_12)
FN:238,compAr
FN:255,(anonymous_14)
FN:315,(anonymous_15)
FN:398,(anonymous_16)
FN:408,(anonymous_17)
FN:429,(anonymous_18)
FN:453,(anonymous_19)
FN:494,(anonymous_20)
FNF:20
FNH:4
FNDA:1,(anonymous_1)
FNDA:1,Round
FNDA:1,(anonymous_3)
FNDA:0,(anonymous_4)
FNDA:1,(anonymous_5)
FNDA:0,(anonymous_6)
FNDA:0,(anonymous_7)
FNDA:0,(anonymous_8)
FNDA:0,(anonymous_9)
FNDA:0,(anonymous_10)
FNDA:0,(anonymous_11)
FNDA:0,(anonymous_12)
FNDA:0,compAr
FNDA:0,(anonymous_14)
FNDA:0,(anonymous_15)
FNDA:0,(anonymous_16)
FNDA:0,(anonymous_17)
FNDA:0,(anonymous_18)
FNDA:0,(anonymous_19)
FNDA:0,(anonymous_20)
DA:1,1
DA:2,1
DA:3,1
DA:4,1
DA:5,1
DA:6,1
DA:7,1
DA:8,1
DA:9,1
DA:10,1
DA:13,1
DA:16,1
DA:17,1
DA:33,1
DA:36,1
DA:38,1
DA:39,1
DA:40,1
DA:41,1
DA:42,1
DA:43,1
DA:44,1
DA:45,1
DA:46,1
DA:47,1
DA:48,1
DA:49,1
DA:50,1
DA:51,1
DA:52,1
DA:53,1
DA:59,1
DA:60,1
DA:61,1
DA:62,1
DA:71,1
DA:73,0
DA:74,0
DA:76,0
DA:80,1
DA:81,1
DA:82,0
DA:85,1
DA:87,1
DA:90,1
DA:92,0
DA:93,0
DA:96,0
DA:97,0
DA:100,0
DA:101,0
DA:102,0
DA:104,0
DA:109,1
DA:110,0
DA:111,0
DA:113,0
DA:118,1
DA:123,0
DA:124,0
DA:125,0
DA:127,0
DA:128,0
DA:129,0
DA:131,0
DA:132,0
DA:133,0
DA:138,1
DA:139,0
DA:140,0
DA:141,0
DA:143,0
DA:146,1
DA:147,0
DA:148,0
DA:149,0
DA:150,0
DA:151,0
DA:152,0
DA:156,1
DA:158,0
DA:159,0
DA:160,0
DA:162,0
DA:163,0
DA:165,0
DA:168,0
DA:169,0
DA:170,0
DA:172,0
DA:173,0
DA:175,0
DA:178,0
DA:179,0
DA:180,0
DA:182,0
DA:183,0
DA:185,0
DA:189,1
DA:191,0
DA:193,0
DA:198,0
DA:200,0
DA:201,0
DA:202,0
DA:206,0
DA:207,0
DA:208,0
DA:211,0
DA:213,0
DA:215,0
DA:219,0
DA:220,0
DA:223,0
DA:224,0
DA:227,0
DA:228,0
DA:229,0
DA:231,0
DA:232,0
DA:238,1
DA:239,0
DA:240,0
DA:241,0
DA:243,0
DA:246,0
DA:247,0
DA:248,0
DA:251,0
DA:255,1
DA:256,0
DA:259,0
DA:260,0
DA:261,0
DA:262,0
DA:264,0
DA:267,0
DA:268,0
DA:272,0
DA:273,0
DA:274,0
DA:275,0
DA:277,0
DA:280,0
DA:281,0
DA:282,0
DA:285,0
DA:286,0
DA:287,0
DA:290,0
DA:291,0
DA:292,0
DA:295,0
DA:296,0
DA:297,0
DA:300,0
DA:301,0
DA:302,0
DA:305,0
DA:306,0
DA:307,0
DA:310,0
DA:312,0
DA:315,1
DA:316,0
DA:318,0
DA:320,0
DA:321,0
DA:323,0
DA:324,0
DA:327,0
DA:328,0
DA:329,0
DA:331,0
DA:332,0
DA:335,0
DA:336,0
DA:337,0
DA:338,0
DA:339,0
DA:340,0
DA:342,0
DA:343,0
DA:344,0
DA:345,0
DA:346,0
DA:348,0
DA:349,0
DA:350,0
DA:351,0
DA:354,0
DA:355,0
DA:356,0
DA:357,0
DA:360,0
DA:361,0
DA:362,0
DA:364,0
DA:365,0
DA:366,0
DA:368,0
DA:369,0
DA:370,0
DA:372,0
DA:373,0
DA:374,0
DA:375,0
DA:382,0
DA:383,0
DA:384,0
DA:385,0
DA:387,0
DA:389,0
DA:390,0
DA:391,0
DA:393,0
DA:396,0
DA:398,1
DA:399,0
DA:400,0
DA:401,0
DA:402,0
DA:403,0
DA:404,0
DA:405,0
DA:408,1
DA:409,0
DA:410,0
DA:411,0
DA:412,0
DA:413,0
DA:414,0
DA:415,0
DA:429,1
DA:430,0
DA:431,0
DA:432,0
DA:433,0
DA:434,0
DA:435,0
DA:438,0
DA:453,1
DA:454,0
DA:455,0
DA:456,0
DA:457,0
DA:458,0
DA:459,0
DA:460,0
DA:461,0
DA:462,0
DA:464,0
DA:465,0
DA:466,0
DA:467,0
DA:468,0
DA:469,0
DA:470,0
DA:471,0
DA:473,0
DA:474,0
DA:475,0
DA:476,0
DA:478,0
DA:479,0
DA:480,0
DA:481,0
DA:483,0
DA:494,1
DA:497,0
DA:500,0
DA:502,0
DA:505,0
DA:509,0
DA:511,0
DA:513,0
DA:516,0
DA:526,0
DA:529,1
LF:279
LH:56
BRDA:18,1,0,1
BRDA:18,1,1,0
BRDA:73,2,0,0
BRDA:73,2,1,0
BRDA:81,3,0,0
BRDA:81,3,1,1
BRDA:92,4,0,0
BRDA:92,4,1,0
BRDA:96,5,0,0
BRDA:96,5,1,0
BRDA:100,6,0,0
BRDA:100,6,1,0
BRDA:101,7,0,0
BRDA:101,7,1,0
BRDA:110,8,0,0
BRDA:110,8,1,0
BRDA:123,9,0,0
BRDA:123,9,1,0
BRDA:123,10,0,0
BRDA:123,10,1,0
BRDA:127,11,0,0
BRDA:127,11,1,0
BRDA:127,12,0,0
BRDA:127,12,1,0
BRDA:131,13,0,0
BRDA:131,13,1,0
BRDA:131,14,0,0
BRDA:131,14,1,0
BRDA:140,15,0,0
BRDA:140,15,1,0
BRDA:140,16,0,0
BRDA:140,16,1,0
BRDA:140,16,2,0
BRDA:147,17,0,0
BRDA:147,17,1,0
BRDA:149,18,0,0
BRDA:149,18,1,0
BRDA:151,19,0,0
BRDA:151,19,1,0
BRDA:158,20,0,0
BRDA:158,20,1,0
BRDA:158,21,0,0
BRDA:158,21,1,0
BRDA:158,21,2,0
BRDA:159,22,0,0
BRDA:159,22,1,0
BRDA:162,23,0,0
BRDA:162,23,1,0
BRDA:168,24,0,0
BRDA:168,24,1,0
BRDA:168,25,0,0
BRDA:168,25,1,0
BRDA:168,25,2,0
BRDA:169,26,0,0
BRDA:169,26,1,0
BRDA:172,27,0,0
BRDA:172,27,1,0
BRDA:178,28,0,0
BRDA:178,28,1,0
BRDA:178,29,0,0
BRDA:178,29,1,0
BRDA:178,29,2,0
BRDA:179,30,0,0
BRDA:179,30,1,0
BRDA:182,31,0,0
BRDA:182,31,1,0
BRDA:191,32,0,0
BRDA:191,32,1,0
BRDA:193,33,0,0
BRDA:193,33,1,0
BRDA:198,34,0,0
BRDA:198,34,1,0
BRDA:211,35,0,0
BRDA:211,35,1,0
BRDA:211,36,0,0
BRDA:211,36,1,0
BRDA:211,36,2,0
BRDA:211,36,3,0
BRDA:213,37,0,0
BRDA:213,37,1,0
BRDA:215,38,0,0
BRDA:215,38,1,0
BRDA:227,39,0,0
BRDA:227,39,1,0
BRDA:240,40,0,0
BRDA:240,40,1,0
BRDA:240,41,0,0
BRDA:240,41,1,0
BRDA:241,42,0,0
BRDA:241,42,1,0
BRDA:241,43,0,0
BRDA:241,43,1,0
BRDA:246,44,0,0
BRDA:246,44,1,0
BRDA:246,45,0,0
BRDA:246,45,1,0
BRDA:247,46,0,0
BRDA:247,46,1,0
BRDA:247,47,0,0
BRDA:247,47,1,0
BRDA:247,47,2,0
BRDA:259,48,0,0
BRDA:259,48,1,0
BRDA:259,49,0,0
BRDA:259,49,1,0
BRDA:259,49,2,0
BRDA:259,49,3,0
BRDA:261,50,0,0
BRDA:261,50,1,0
BRDA:267,51,0,0
BRDA:267,51,1,0
BRDA:267,52,0,0
BRDA:267,52,1,0
BRDA:272,53,0,0
BRDA:272,53,1,0
BRDA:274,54,0,0
BRDA:274,54,1,0
BRDA:280,55,0,0
BRDA:280,55,1,0
BRDA:285,56,0,0
BRDA:285,56,1,0
BRDA:290,57,0,0
BRDA:290,57,1,0
BRDA:290,58,0,0
BRDA:290,58,1,0
BRDA:290,58,2,0
BRDA:295,59,0,0
BRDA:295,59,1,0
BRDA:295,60,0,0
BRDA:295,60,1,0
BRDA:295,60,2,0
BRDA:295,60,3,0
BRDA:300,61,0,0
BRDA:300,61,1,0
BRDA:300,62,0,0
BRDA:300,62,1,0
BRDA:300,62,2,0
BRDA:305,63,0,0
BRDA:305,63,1,0
BRDA:305,64,0,0
BRDA:305,64,1,0
BRDA:305,64,2,0
BRDA:316,65,0,0
BRDA:316,65,1,0
BRDA:316,66,0,0
BRDA:316,66,1,0
BRDA:316,66,2,0
BRDA:316,66,3,0
BRDA:318,67,0,0
BRDA:318,67,1,0
BRDA:320,68,0,0
BRDA:320,68,1,0
BRDA:323,69,0,0
BRDA:323,69,1,0
BRDA:327,70,0,0
BRDA:327,70,1,0
BRDA:328,71,0,0
BRDA:328,71,1,0
BRDA:331,72,0,0
BRDA:331,72,1,0
BRDA:335,73,0,0
BRDA:335,73,1,0
BRDA:336,74,0,0
BRDA:336,74,1,0
BRDA:337,75,0,0
BRDA:337,75,1,0
BRDA:339,76,0,0
BRDA:339,76,1,0
BRDA:342,77,0,0
BRDA:342,77,1,0
BRDA:343,78,0,0
BRDA:343,78,1,0
BRDA:345,79,0,0
BRDA:345,79,1,0
BRDA:348,80,0,0
BRDA:348,80,1,0
BRDA:350,81,0,0
BRDA:350,81,1,0
BRDA:354,82,0,0
BRDA:354,82,1,0
BRDA:355,83,0,0
BRDA:355,83,1,0
BRDA:355,84,0,0
BRDA:355,84,1,0
BRDA:356,85,0,0
BRDA:356,85,1,0
BRDA:360,86,0,0
BRDA:360,86,1,0
BRDA:360,87,0,0
BRDA:360,87,1,0
BRDA:361,88,0,0
BRDA:361,88,1,0
BRDA:364,89,0,0
BRDA:364,89,1,0
BRDA:365,90,0,0
BRDA:365,90,1,0
BRDA:368,91,0,0
BRDA:368,91,1,0
BRDA:369,92,0,0
BRDA:369,92,1,0
BRDA:372,93,0,0
BRDA:372,93,1,0
BRDA:374,94,0,0
BRDA:374,94,1,0
BRDA:382,95,0,0
BRDA:382,95,1,0
BRDA:382,96,0,0
BRDA:382,96,1,0
BRDA:382,96,2,0
BRDA:382,96,3,0
BRDA:383,97,0,0
BRDA:383,97,1,0
BRDA:384,98,0,0
BRDA:384,98,1,0
BRDA:389,99,0,0
BRDA:389,99,1,0
BRDA:390,100,0,0
BRDA:390,100,1,0
BRDA:399,101,0,0
BRDA:399,101,1,0
BRDA:401,102,0,0
BRDA:401,102,1,0
BRDA:403,103,0,0
BRDA:403,103,1,0
BRDA:409,104,0,0
BRDA:409,104,1,0
BRDA:409,105,0,0
BRDA:409,105,1,0
BRDA:409,105,2,0
BRDA:409,105,3,0
BRDA:410,106,0,0
BRDA:410,106,1,0
BRDA:410,107,0,0
BRDA:410,107,1,0
BRDA:410,107,2,0
BRDA:412,108,0,0
BRDA:412,108,1,0
BRDA:412,109,0,0
BRDA:412,109,1,0
BRDA:414,110,0,0
BRDA:414,110,1,0
BRDA:433,111,0,0
BRDA:433,111,1,0
BRDA:455,112,0,0
BRDA:455,112,1,0
BRDA:455,113,0,0
BRDA:455,113,1,0
BRDA:455,113,2,0
BRDA:457,114,0,0
BRDA:457,114,1,0
BRDA:458,115,0,0
BRDA:458,115,1,0
BRDA:460,116,0,0
BRDA:460,116,1,0
BRDA:461,117,0,0
BRDA:461,117,1,0
BRDA:464,118,0,0
BRDA:464,118,1,0
BRDA:464,119,0,0
BRDA:464,119,1,0
BRDA:464,119,2,0
BRDA:466,120,0,0
BRDA:466,120,1,0
BRDA:467,121,0,0
BRDA:467,121,1,0
BRDA:469,122,0,0
BRDA:469,122,1,0
BRDA:470,123,0,0
BRDA:470,123,1,0
BRDA:473,124,0,0
BRDA:473,124,1,0
BRDA:474,125,0,0
BRDA:474,125,1,0
BRDA:475,126,0,0
BRDA:475,126,1,0
BRDA:479,127,0,0
BRDA:479,127,1,0
BRDA:480,128,0,0
BRDA:480,128,1,0
BRF:279
BRH:2
end_of_record
